<?xml version="1.0" encoding="UTF-8"?>
<testng-results ignored="0" total="1" passed="1" failed="0" skipped="0">
  <reporter-output>
  </reporter-output>
  <suite started-at="2023-07-10T15:56:29 IST" name="Default suite" finished-at="2023-07-10T16:38:40 IST" duration-ms="2531154">
    <groups>
    </groups>
    <test started-at="2023-07-10T15:56:29 IST" name="Default test" finished-at="2023-07-10T16:38:40 IST" duration-ms="2531154">
      <class name="trip">
        <test-method signature="myTestMethod()[pri:0, instance:trip@233fe9b6]" started-at="2023-07-10T15:56:29 IST" name="myTestMethod" finished-at="2023-07-10T16:38:40 IST" duration-ms="2530986" status="PASS">
          <reporter-output>
          </reporter-output>
        </test-method> <!-- myTestMethod -->
      </class> <!-- trip -->
    </test> <!-- Default test -->
  </suite> <!-- Default suite -->
</testng-results>
